c:\users\jade\documents\github\pongopengl\pongopengl\pongopengl\x64\debug\vc143.pdb
c:\users\jade\documents\github\pongopengl\pongopengl\pongopengl\x64\debug\vc143.idb
c:\users\jade\documents\github\pongopengl\pongopengl\pongopengl\x64\debug\glad.obj
c:\users\jade\documents\github\pongopengl\pongopengl\pongopengl\x64\debug\vao.obj
c:\users\jade\documents\github\pongopengl\pongopengl\pongopengl\x64\debug\main.obj
c:\users\jade\documents\github\pongopengl\pongopengl\pongopengl\x64\debug\stb.obj
c:\users\jade\documents\github\pongopengl\pongopengl\pongopengl\x64\debug\init.obj
c:\users\jade\documents\github\pongopengl\pongopengl\x64\debug\pongopengl.pdb
c:\users\jade\documents\github\pongopengl\pongopengl\pongopengl\x64\debug\pongopengl.tlog\cl.command.1.tlog
c:\users\jade\documents\github\pongopengl\pongopengl\pongopengl\x64\debug\pongopengl.tlog\cl.read.1.tlog
c:\users\jade\documents\github\pongopengl\pongopengl\pongopengl\x64\debug\pongopengl.tlog\cl.write.1.tlog
c:\users\jade\documents\github\pongopengl\pongopengl\pongopengl\x64\debug\pongopengl.tlog\link-cvtres.read.1.tlog
c:\users\jade\documents\github\pongopengl\pongopengl\pongopengl\x64\debug\pongopengl.tlog\link-cvtres.write.1.tlog
c:\users\jade\documents\github\pongopengl\pongopengl\pongopengl\x64\debug\pongopengl.tlog\link-rc.read.1.tlog
c:\users\jade\documents\github\pongopengl\pongopengl\pongopengl\x64\debug\pongopengl.tlog\link-rc.write.1.tlog
c:\users\jade\documents\github\pongopengl\pongopengl\pongopengl\x64\debug\pongopengl.tlog\link.command.1.tlog
c:\users\jade\documents\github\pongopengl\pongopengl\pongopengl\x64\debug\pongopengl.tlog\link.read.1.tlog
c:\users\jade\documents\github\pongopengl\pongopengl\pongopengl\x64\debug\pongopengl.tlog\link.read.2.tlog
c:\users\jade\documents\github\pongopengl\pongopengl\pongopengl\x64\debug\pongopengl.tlog\link.read.3.tlog
c:\users\jade\documents\github\pongopengl\pongopengl\pongopengl\x64\debug\pongopengl.tlog\link.read.4.tlog
c:\users\jade\documents\github\pongopengl\pongopengl\pongopengl\x64\debug\pongopengl.tlog\link.write.1.tlog
